0 info it worked if it ends with ok
1 verbose cli [ '/usr/local/var/nodenv/versions/5.3.0/bin/node',
1 verbose cli   '/usr/local/var/nodenv/versions/5.3.0/bin/npm',
1 verbose cli   'start' ]
2 info using npm@3.3.12
3 info using node@v5.3.0
4 verbose run-script [ 'prestart', 'start', 'poststart' ]
5 info lifecycle react-tutorial@0.0.0~prestart: react-tutorial@0.0.0
6 silly lifecycle react-tutorial@0.0.0~prestart: no script for prestart, continuing
7 info lifecycle react-tutorial@0.0.0~start: react-tutorial@0.0.0
8 verbose lifecycle react-tutorial@0.0.0~start: unsafe-perm in lifecycle true
9 verbose lifecycle react-tutorial@0.0.0~start: PATH: /usr/local/var/nodenv/versions/5.3.0/lib/node_modules/npm/bin/node-gyp-bin:/Users/danielleeriksen/sites/cat-cat/node_modules/.bin:/usr/local/var/nodenv/versions/5.3.0/bin:/usr/local/Cellar/nodenv/0.4.0/libexec:/usr/local/var/nodenv/shims:/usr/local/var/rbenv/shims:/usr/local/bin:/usr/local/sbin:/usr/local/bin:/usr/bin:/bin:/usr/sbin:/sbin
10 verbose lifecycle react-tutorial@0.0.0~start: CWD: /Users/danielleeriksen/sites/cat-cat
11 silly lifecycle react-tutorial@0.0.0~start: Args: [ '-c', 'node server.js' ]
12 silly lifecycle react-tutorial@0.0.0~start: Returned: code: 1  signal: null
13 info lifecycle react-tutorial@0.0.0~start: Failed to exec start script
14 verbose stack Error: react-tutorial@0.0.0 start: `node server.js`
14 verbose stack Exit status 1
14 verbose stack     at EventEmitter.<anonymous> (/usr/local/var/nodenv/versions/5.3.0/lib/node_modules/npm/lib/utils/lifecycle.js:232:16)
14 verbose stack     at emitTwo (events.js:87:13)
14 verbose stack     at EventEmitter.emit (events.js:172:7)
14 verbose stack     at ChildProcess.<anonymous> (/usr/local/var/nodenv/versions/5.3.0/lib/node_modules/npm/lib/utils/spawn.js:24:14)
14 verbose stack     at emitTwo (events.js:87:13)
14 verbose stack     at ChildProcess.emit (events.js:172:7)
14 verbose stack     at maybeClose (internal/child_process.js:818:16)
14 verbose stack     at Process.ChildProcess._handle.onexit (internal/child_process.js:211:5)
15 verbose pkgid react-tutorial@0.0.0
16 verbose cwd /Users/danielleeriksen/sites/cat-cat
17 error Darwin 14.0.0
18 error argv "/usr/local/var/nodenv/versions/5.3.0/bin/node" "/usr/local/var/nodenv/versions/5.3.0/bin/npm" "start"
19 error node v5.3.0
20 error npm  v3.3.12
21 error code ELIFECYCLE
22 error react-tutorial@0.0.0 start: `node server.js`
22 error Exit status 1
23 error Failed at the react-tutorial@0.0.0 start script 'node server.js'.
23 error Make sure you have the latest version of node.js and npm installed.
23 error If you do, this is most likely a problem with the react-tutorial package,
23 error not with npm itself.
23 error Tell the author that this fails on your system:
23 error     node server.js
23 error You can get their info via:
23 error     npm owner ls react-tutorial
23 error There is likely additional logging output above.
24 verbose exit [ 1, true ]
